<?xml version="1.0" encoding="UTF-8"?>
<!-- Generated by org.testng.reporters.JUnitXMLReporter -->
<testsuite ignored="0" hostname="Feba_Thomas" failures="0" tests="12" name="Test" time="52.601" errors="0" timestamp="2025-02-03T13:12:42 IST">
  <testcase classname="testcases.LoginTest" name="userLoginWithValidUsernameAndValidPassword" time="2.083"/>
  <testcase classname="testcases.LoginTest" name="userLoginWithInvalidUsernameAndValidPassword" time="0.647"/>
  <testcase classname="testcases.LoginTest" name="userLoginWithValidUsernameAndInvalidPassword" time="0.51"/>
  <testcase classname="testcases.LoginTest" name="userLoginWithValidUsernameAndInvalidPassword" time="1.143"/>
  <testcase classname="testcases.LoginTest" name="userLoginWithValidUsernameAndInvalidPassword" time="0.56"/>
  <testcase classname="testcases.LoginTest" name="userLoginWithInvalidUsernameAndInvalidPassword" time="0.534"/>
  <testcase classname="testcases.HomePageTest" name="clickingOnLogoutFromHomePage" time="1.324"/>
  <testcase classname="testcases.CategoryTest" name="addingTheNewCategoryToThePage" time="2.544"/>
  <testcase classname="testcases.CategoryTest" name="searchTheCategoryFromTheList" time="2.316"/>
  <testcase classname="testcases.SubCategoryTest" name="addingTheNewSubCategoryToThePage" time="3.099"/>
  <testcase classname="testcases.AdminUserTest" name="addNewAdminUsersToThePage" time="2.541"/>
  <testcase classname="testcases.ManageNewsTest" name="createNewManageNewsToThePage" time="2.066"/>
</testsuite> <!-- Test -->
