<?xml version="1.0" encoding="UTF-8"?>
<testng-results ignored="0" total="2" passed="2" failed="0" skipped="0">
  <reporter-output>
  </reporter-output>
  <suite started-at="2025-02-06T20:20:59 IST" name="Paralleltesting" finished-at="2025-02-06T20:21:22 IST" duration-ms="22291">
    <groups>
      <group name="smoke">
        <method signature="LoginTest.userLoginWithValidUsernameAndValidPassword()[pri:1, instance:testcases.LoginTest@6771beb3]" name="userLoginWithValidUsernameAndValidPassword" class="testcases.LoginTest"/>
        <method signature="LoginTest.userLoginWithInvalidUsernameAndValidPassword()[pri:2, instance:testcases.LoginTest@6771beb3]" name="userLoginWithInvalidUsernameAndValidPassword" class="testcases.LoginTest"/>
      </group> <!-- smoke -->
    </groups>
    <test started-at="2025-02-06T20:20:59 IST" name="Test1" finished-at="2025-02-06T20:21:22 IST" duration-ms="22291">
      <class name="testcases.LoginTest">
        <test-method is-config="true" signature="initializeBrowser(java.lang.String)[pri:0, instance:testcases.LoginTest@6771beb3]" started-at="2025-02-06T20:20:59 IST" name="initializeBrowser" finished-at="2025-02-06T20:21:06 IST" duration-ms="6730" status="PASS">
          <params>
            <param index="0">
              <value>
                <![CDATA[Chrome]]>
              </value>
            </param>
          </params>
          <reporter-output>
          </reporter-output>
        </test-method> <!-- initializeBrowser -->
        <test-method is-config="true" signature="initializeBrowser(java.lang.String)[pri:0, instance:testcases.LoginTest@6771beb3]" started-at="2025-02-06T20:20:59 IST" name="initializeBrowser" finished-at="2025-02-06T20:21:21 IST" duration-ms="21482" status="PASS">
          <params>
            <param index="0">
              <value>
                <![CDATA[Chrome]]>
              </value>
            </param>
          </params>
          <reporter-output>
          </reporter-output>
        </test-method> <!-- initializeBrowser -->
        <test-method signature="userLoginWithValidUsernameAndValidPassword()[pri:1, instance:testcases.LoginTest@6771beb3]" started-at="2025-02-06T20:21:06 IST" name="userLoginWithValidUsernameAndValidPassword" description="User Login With Valid Username and Valid Password" finished-at="2025-02-06T20:21:08 IST" duration-ms="2244" status="PASS">
          <reporter-output>
          </reporter-output>
        </test-method> <!-- userLoginWithValidUsernameAndValidPassword -->
        <test-method is-config="true" signature="driverQuit(org.testng.ITestResult)[pri:0, instance:testcases.LoginTest@6771beb3]" started-at="2025-02-06T20:21:08 IST" name="driverQuit" finished-at="2025-02-06T20:21:09 IST" duration-ms="202" status="PASS">
          <params>
            <param index="0">
              <value>
                <![CDATA[[TestResult name=userLoginWithValidUsernameAndValidPassword status=SUCCESS method=LoginTest.userLoginWithValidUsernameAndValidPassword()[pri:1, instance:testcases.LoginTest@6771beb3] output={null}]]]>
              </value>
            </param>
          </params>
          <reporter-output>
          </reporter-output>
        </test-method> <!-- driverQuit -->
        <test-method signature="userLoginWithInvalidUsernameAndValidPassword()[pri:2, instance:testcases.LoginTest@6771beb3]" started-at="2025-02-06T20:21:21 IST" name="userLoginWithInvalidUsernameAndValidPassword" description="User Login With InValid Username and Valid Password" finished-at="2025-02-06T20:21:21 IST" duration-ms="596" status="PASS">
          <reporter-output>
          </reporter-output>
        </test-method> <!-- userLoginWithInvalidUsernameAndValidPassword -->
        <test-method is-config="true" signature="driverQuit(org.testng.ITestResult)[pri:0, instance:testcases.LoginTest@6771beb3]" started-at="2025-02-06T20:21:21 IST" name="driverQuit" finished-at="2025-02-06T20:21:22 IST" duration-ms="176" status="PASS">
          <params>
            <param index="0">
              <value>
                <![CDATA[[TestResult name=userLoginWithInvalidUsernameAndValidPassword status=SUCCESS method=LoginTest.userLoginWithInvalidUsernameAndValidPassword()[pri:2, instance:testcases.LoginTest@6771beb3] output={null}]]]>
              </value>
            </param>
          </params>
          <reporter-output>
          </reporter-output>
        </test-method> <!-- driverQuit -->
      </class> <!-- testcases.LoginTest -->
    </test> <!-- Test1 -->
  </suite> <!-- Paralleltesting -->
</testng-results>
