<?xml version="1.0" encoding="UTF-8"?>
<!-- Generated by org.testng.reporters.JUnitXMLReporter -->
<testsuite ignored="2" hostname="Feba_Thomas" failures="0" tests="2" name="Test1" time="22.291" errors="0" timestamp="2025-02-06T20:21:22 IST">
  <testcase classname="testcases.LoginTest" name="userLoginWithValidUsernameAndValidPassword" time="2.244"/>
  <testcase classname="testcases.LoginTest" name="userLoginWithInvalidUsernameAndValidPassword" time="0.596"/>
  <testcase classname="testcases.LoginTest" name="userLoginWithInvalidUsernameAndInvalidPassword" time="0.0">
    <ignored/>
  </testcase> <!-- userLoginWithInvalidUsernameAndInvalidPassword -->
  <testcase classname="testcases.LoginTest" name="userLoginWithValidUsernameAndInvalidPassword" time="0.0">
    <ignored/>
  </testcase> <!-- userLoginWithValidUsernameAndInvalidPassword -->
</testsuite> <!-- Test1 -->
